/mnt/c/tank_visualizer (2)/install/tank_visualizer/lib/python3.10/site-packages/tank_visualizer/keyboard_teleop.py
/mnt/c/tank_visualizer (2)/install/tank_visualizer/lib/python3.10/site-packages/tank_visualizer/tank_body_node.py
/mnt/c/tank_visualizer (2)/install/tank_visualizer/lib/python3.10/site-packages/tank_visualizer/turret_controller.py
/mnt/c/tank_visualizer (2)/install/tank_visualizer/lib/python3.10/site-packages/tank_visualizer/__init__.py
/mnt/c/tank_visualizer (2)/install/tank_visualizer/lib/python3.10/site-packages/tank_visualizer/__pycache__/keyboard_teleop.cpython-310.pyc
/mnt/c/tank_visualizer (2)/install/tank_visualizer/lib/python3.10/site-packages/tank_visualizer/__pycache__/tank_body_node.cpython-310.pyc
/mnt/c/tank_visualizer (2)/install/tank_visualizer/lib/python3.10/site-packages/tank_visualizer/__pycache__/turret_controller.cpython-310.pyc
/mnt/c/tank_visualizer (2)/install/tank_visualizer/lib/python3.10/site-packages/tank_visualizer/__pycache__/__init__.cpython-310.pyc
/mnt/c/tank_visualizer (2)/install/tank_visualizer/share/ament_index/resource_index/packages/tank_visualizer
/mnt/c/tank_visualizer (2)/install/tank_visualizer/share/tank_visualizer/package.xml
/mnt/c/tank_visualizer (2)/install/tank_visualizer/share/tank_visualizer/launch/tank_visualizer_with_turret.launch.py
/mnt/c/tank_visualizer (2)/install/tank_visualizer/lib/python3.10/site-packages/tank_visualizer-0.0.0-py3.10.egg-info/dependency_links.txt
/mnt/c/tank_visualizer (2)/install/tank_visualizer/lib/python3.10/site-packages/tank_visualizer-0.0.0-py3.10.egg-info/entry_points.txt
/mnt/c/tank_visualizer (2)/install/tank_visualizer/lib/python3.10/site-packages/tank_visualizer-0.0.0-py3.10.egg-info/PKG-INFO
/mnt/c/tank_visualizer (2)/install/tank_visualizer/lib/python3.10/site-packages/tank_visualizer-0.0.0-py3.10.egg-info/requires.txt
/mnt/c/tank_visualizer (2)/install/tank_visualizer/lib/python3.10/site-packages/tank_visualizer-0.0.0-py3.10.egg-info/SOURCES.txt
/mnt/c/tank_visualizer (2)/install/tank_visualizer/lib/python3.10/site-packages/tank_visualizer-0.0.0-py3.10.egg-info/top_level.txt
/mnt/c/tank_visualizer (2)/install/tank_visualizer/lib/python3.10/site-packages/tank_visualizer-0.0.0-py3.10.egg-info/zip-safe
/mnt/c/tank_visualizer (2)/install/tank_visualizer/lib/tank_visualizer/keyboard_teleop
/mnt/c/tank_visualizer (2)/install/tank_visualizer/lib/tank_visualizer/tank_body_node
/mnt/c/tank_visualizer (2)/install/tank_visualizer/lib/tank_visualizer/turret_controller
