[1.706s] Invoking command in '/mnt/c/tank_visualizer (2)/tank_visualizer/tank_visualizer': PYTHONPATH=/mnt/c/tank_visualizer (2)/build/tank_visualizer/prefix_override:/usr/lib/python3/dist-packages/colcon_core/task/python/colcon_distutils_commands:/mnt/c/tank_visualizer (2)/install/tank_visualizer/lib/python3.10/site-packages:${PYTHONPATH} /usr/bin/python3 -W ignore:setup.py install is deprecated -W ignore:easy_install command is deprecated setup.py egg_info --egg-base ../../build/tank_visualizer build --build-base /mnt/c/tank_visualizer (2)/build/tank_visualizer/build install --record /mnt/c/tank_visualizer (2)/build/tank_visualizer/install.log --single-version-externally-managed install_data
[2.510s] running egg_info
[2.515s] creating ../../build/tank_visualizer/tank_visualizer.egg-info
[2.518s] writing ../../build/tank_visualizer/tank_visualizer.egg-info/PKG-INFO
[2.527s] writing dependency_links to ../../build/tank_visualizer/tank_visualizer.egg-info/dependency_links.txt
[2.532s] writing entry points to ../../build/tank_visualizer/tank_visualizer.egg-info/entry_points.txt
[2.537s] writing requirements to ../../build/tank_visualizer/tank_visualizer.egg-info/requires.txt
[2.540s] writing top-level names to ../../build/tank_visualizer/tank_visualizer.egg-info/top_level.txt
[2.546s] writing manifest file '../../build/tank_visualizer/tank_visualizer.egg-info/SOURCES.txt'
[2.578s] reading manifest file '../../build/tank_visualizer/tank_visualizer.egg-info/SOURCES.txt'
[2.632s] writing manifest file '../../build/tank_visualizer/tank_visualizer.egg-info/SOURCES.txt'
[2.634s] running build
[2.635s] running build_py
[2.640s] creating /mnt/c/tank_visualizer (2)/build/tank_visualizer/build
[2.641s] creating /mnt/c/tank_visualizer (2)/build/tank_visualizer/build/lib
[2.644s] creating /mnt/c/tank_visualizer (2)/build/tank_visualizer/build/lib/tank_visualizer
[2.652s] copying tank_visualizer/keyboard_teleop.py -> /mnt/c/tank_visualizer (2)/build/tank_visualizer/build/lib/tank_visualizer
[2.673s] copying tank_visualizer/tank_body_node.py -> /mnt/c/tank_visualizer (2)/build/tank_visualizer/build/lib/tank_visualizer
[2.693s] copying tank_visualizer/turret_controller.py -> /mnt/c/tank_visualizer (2)/build/tank_visualizer/build/lib/tank_visualizer
[2.713s] copying tank_visualizer/__init__.py -> /mnt/c/tank_visualizer (2)/build/tank_visualizer/build/lib/tank_visualizer
[2.725s] running install
[2.726s] running install_lib
[2.746s] creating /mnt/c/tank_visualizer (2)/install/tank_visualizer/lib/python3.10/site-packages/tank_visualizer
[2.761s] copying /mnt/c/tank_visualizer (2)/build/tank_visualizer/build/lib/tank_visualizer/keyboard_teleop.py -> /mnt/c/tank_visualizer (2)/install/tank_visualizer/lib/python3.10/site-packages/tank_visualizer
[2.792s] copying /mnt/c/tank_visualizer (2)/build/tank_visualizer/build/lib/tank_visualizer/tank_body_node.py -> /mnt/c/tank_visualizer (2)/install/tank_visualizer/lib/python3.10/site-packages/tank_visualizer
[2.822s] copying /mnt/c/tank_visualizer (2)/build/tank_visualizer/build/lib/tank_visualizer/turret_controller.py -> /mnt/c/tank_visualizer (2)/install/tank_visualizer/lib/python3.10/site-packages/tank_visualizer
[2.852s] copying /mnt/c/tank_visualizer (2)/build/tank_visualizer/build/lib/tank_visualizer/__init__.py -> /mnt/c/tank_visualizer (2)/install/tank_visualizer/lib/python3.10/site-packages/tank_visualizer
[2.881s] byte-compiling /mnt/c/tank_visualizer (2)/install/tank_visualizer/lib/python3.10/site-packages/tank_visualizer/keyboard_teleop.py to keyboard_teleop.cpython-310.pyc
[2.916s] byte-compiling /mnt/c/tank_visualizer (2)/install/tank_visualizer/lib/python3.10/site-packages/tank_visualizer/tank_body_node.py to tank_body_node.cpython-310.pyc
[2.951s] byte-compiling /mnt/c/tank_visualizer (2)/install/tank_visualizer/lib/python3.10/site-packages/tank_visualizer/turret_controller.py to turret_controller.cpython-310.pyc
[2.985s] byte-compiling /mnt/c/tank_visualizer (2)/install/tank_visualizer/lib/python3.10/site-packages/tank_visualizer/__init__.py to __init__.cpython-310.pyc
[3.016s] running install_data
[3.023s] creating /mnt/c/tank_visualizer (2)/install/tank_visualizer/share/ament_index
[3.025s] creating /mnt/c/tank_visualizer (2)/install/tank_visualizer/share/ament_index/resource_index
[3.027s] creating /mnt/c/tank_visualizer (2)/install/tank_visualizer/share/ament_index/resource_index/packages
[3.037s] copying resource/tank_visualizer -> /mnt/c/tank_visualizer (2)/install/tank_visualizer/share/ament_index/resource_index/packages
[3.058s] copying package.xml -> /mnt/c/tank_visualizer (2)/install/tank_visualizer/share/tank_visualizer
[3.072s] creating /mnt/c/tank_visualizer (2)/install/tank_visualizer/share/tank_visualizer/launch
[3.081s] copying launch/tank_visualizer_with_turret.launch.py -> /mnt/c/tank_visualizer (2)/install/tank_visualizer/share/tank_visualizer/launch
[3.095s] running install_egg_info
[3.111s] Copying ../../build/tank_visualizer/tank_visualizer.egg-info to /mnt/c/tank_visualizer (2)/install/tank_visualizer/lib/python3.10/site-packages/tank_visualizer-0.0.0-py3.10.egg-info
[3.336s] running install_scripts
[3.414s] Installing keyboard_teleop script to /mnt/c/tank_visualizer (2)/install/tank_visualizer/lib/tank_visualizer
[3.422s] Installing tank_body_node script to /mnt/c/tank_visualizer (2)/install/tank_visualizer/lib/tank_visualizer
[3.433s] Installing turret_controller script to /mnt/c/tank_visualizer (2)/install/tank_visualizer/lib/tank_visualizer
[3.447s] writing list of installed files to '/mnt/c/tank_visualizer (2)/build/tank_visualizer/install.log'
[3.481s] Invoked command in '/mnt/c/tank_visualizer (2)/tank_visualizer/tank_visualizer' returned '0': PYTHONPATH=/mnt/c/tank_visualizer (2)/build/tank_visualizer/prefix_override:/usr/lib/python3/dist-packages/colcon_core/task/python/colcon_distutils_commands:/mnt/c/tank_visualizer (2)/install/tank_visualizer/lib/python3.10/site-packages:${PYTHONPATH} /usr/bin/python3 -W ignore:setup.py install is deprecated -W ignore:easy_install command is deprecated setup.py egg_info --egg-base ../../build/tank_visualizer build --build-base /mnt/c/tank_visualizer (2)/build/tank_visualizer/build install --record /mnt/c/tank_visualizer (2)/build/tank_visualizer/install.log --single-version-externally-managed install_data
